[35m[1mConsolidate compiler generated dependencies of target image_processor[0m
[ 50%] [32mBuilding CXX object CMakeFiles/image_processor.dir/src/lab.cpp.o[0m
[100%] [32m[1mLinking CXX executable image_processor[0m
[100%] Built target image_processor
-- Install configuration: ""
-- Installing: /home/student/ros2_ws/src/robo1/Lab1/install/Lab1/lib/Lab1/image_processor
-- Set runtime path of "/home/student/ros2_ws/src/robo1/Lab1/install/Lab1/lib/Lab1/image_processor" to ""
-- Up-to-date: /home/student/ros2_ws/src/robo1/Lab1/install/Lab1/share/ament_index/resource_index/package_run_dependencies/Lab1
-- Up-to-date: /home/student/ros2_ws/src/robo1/Lab1/install/Lab1/share/ament_index/resource_index/parent_prefix_path/Lab1
-- Up-to-date: /home/student/ros2_ws/src/robo1/Lab1/install/Lab1/share/Lab1/environment/ament_prefix_path.sh
-- Up-to-date: /home/student/ros2_ws/src/robo1/Lab1/install/Lab1/share/Lab1/environment/ament_prefix_path.dsv
-- Up-to-date: /home/student/ros2_ws/src/robo1/Lab1/install/Lab1/share/Lab1/environment/path.sh
-- Up-to-date: /home/student/ros2_ws/src/robo1/Lab1/install/Lab1/share/Lab1/environment/path.dsv
-- Up-to-date: /home/student/ros2_ws/src/robo1/Lab1/install/Lab1/share/Lab1/local_setup.bash
-- Up-to-date: /home/student/ros2_ws/src/robo1/Lab1/install/Lab1/share/Lab1/local_setup.sh
-- Up-to-date: /home/student/ros2_ws/src/robo1/Lab1/install/Lab1/share/Lab1/local_setup.zsh
-- Up-to-date: /home/student/ros2_ws/src/robo1/Lab1/install/Lab1/share/Lab1/local_setup.dsv
-- Installing: /home/student/ros2_ws/src/robo1/Lab1/install/Lab1/share/Lab1/package.dsv
-- Up-to-date: /home/student/ros2_ws/src/robo1/Lab1/install/Lab1/share/ament_index/resource_index/packages/Lab1
-- Up-to-date: /home/student/ros2_ws/src/robo1/Lab1/install/Lab1/share/Lab1/cmake/Lab1Config.cmake
-- Up-to-date: /home/student/ros2_ws/src/robo1/Lab1/install/Lab1/share/Lab1/cmake/Lab1Config-version.cmake
-- Up-to-date: /home/student/ros2_ws/src/robo1/Lab1/install/Lab1/share/Lab1/package.xml
