[0.016s] Invoking command in '/home/student/ros2_ws/src/robo1/Lab1/build/Lab1': CMAKE_PREFIX_PATH=${CMAKE_PREFIX_PATH}:/home/student/ros2_ws/install/turtlebot3_teleop:/home/student/ros2_ws/install/turtlebot3_example:/opt/ros/humble /usr/bin/cmake --build /home/student/ros2_ws/src/robo1/Lab1/build/Lab1 -- -j8 -l8
[0.089s] [35m[1mConsolidate compiler generated dependencies of target image_processor[0m
[0.125s] [ 50%] [32mBuilding CXX object CMakeFiles/image_processor.dir/src/lab.cpp.o[0m
[13.614s] [100%] [32m[1mLinking CXX executable image_processor[0m
[14.672s] [100%] Built target image_processor
[14.692s] Invoked command in '/home/student/ros2_ws/src/robo1/Lab1/build/Lab1' returned '0': CMAKE_PREFIX_PATH=${CMAKE_PREFIX_PATH}:/home/student/ros2_ws/install/turtlebot3_teleop:/home/student/ros2_ws/install/turtlebot3_example:/opt/ros/humble /usr/bin/cmake --build /home/student/ros2_ws/src/robo1/Lab1/build/Lab1 -- -j8 -l8
[14.757s] Invoking command in '/home/student/ros2_ws/src/robo1/Lab1/build/Lab1': CMAKE_PREFIX_PATH=${CMAKE_PREFIX_PATH}:/home/student/ros2_ws/install/turtlebot3_teleop:/home/student/ros2_ws/install/turtlebot3_example:/opt/ros/humble /usr/bin/cmake --install /home/student/ros2_ws/src/robo1/Lab1/build/Lab1
[14.769s] -- Install configuration: ""
[14.769s] -- Installing: /home/student/ros2_ws/src/robo1/Lab1/install/Lab1/lib/Lab1/image_processor
[14.777s] -- Set runtime path of "/home/student/ros2_ws/src/robo1/Lab1/install/Lab1/lib/Lab1/image_processor" to ""
[14.777s] -- Up-to-date: /home/student/ros2_ws/src/robo1/Lab1/install/Lab1/share/ament_index/resource_index/package_run_dependencies/Lab1
[14.777s] -- Up-to-date: /home/student/ros2_ws/src/robo1/Lab1/install/Lab1/share/ament_index/resource_index/parent_prefix_path/Lab1
[14.777s] -- Up-to-date: /home/student/ros2_ws/src/robo1/Lab1/install/Lab1/share/Lab1/environment/ament_prefix_path.sh
[14.778s] -- Up-to-date: /home/student/ros2_ws/src/robo1/Lab1/install/Lab1/share/Lab1/environment/ament_prefix_path.dsv
[14.778s] -- Up-to-date: /home/student/ros2_ws/src/robo1/Lab1/install/Lab1/share/Lab1/environment/path.sh
[14.778s] -- Up-to-date: /home/student/ros2_ws/src/robo1/Lab1/install/Lab1/share/Lab1/environment/path.dsv
[14.778s] -- Up-to-date: /home/student/ros2_ws/src/robo1/Lab1/install/Lab1/share/Lab1/local_setup.bash
[14.778s] -- Up-to-date: /home/student/ros2_ws/src/robo1/Lab1/install/Lab1/share/Lab1/local_setup.sh
[14.778s] -- Up-to-date: /home/student/ros2_ws/src/robo1/Lab1/install/Lab1/share/Lab1/local_setup.zsh
[14.778s] -- Up-to-date: /home/student/ros2_ws/src/robo1/Lab1/install/Lab1/share/Lab1/local_setup.dsv
[14.778s] -- Installing: /home/student/ros2_ws/src/robo1/Lab1/install/Lab1/share/Lab1/package.dsv
[14.778s] -- Up-to-date: /home/student/ros2_ws/src/robo1/Lab1/install/Lab1/share/ament_index/resource_index/packages/Lab1
[14.778s] -- Up-to-date: /home/student/ros2_ws/src/robo1/Lab1/install/Lab1/share/Lab1/cmake/Lab1Config.cmake
[14.778s] -- Up-to-date: /home/student/ros2_ws/src/robo1/Lab1/install/Lab1/share/Lab1/cmake/Lab1Config-version.cmake
[14.779s] -- Up-to-date: /home/student/ros2_ws/src/robo1/Lab1/install/Lab1/share/Lab1/package.xml
[14.780s] Invoked command in '/home/student/ros2_ws/src/robo1/Lab1/build/Lab1' returned '0': CMAKE_PREFIX_PATH=${CMAKE_PREFIX_PATH}:/home/student/ros2_ws/install/turtlebot3_teleop:/home/student/ros2_ws/install/turtlebot3_example:/opt/ros/humble /usr/bin/cmake --install /home/student/ros2_ws/src/robo1/Lab1/build/Lab1
