-- Found ament_cmake: 1.3.9 (/opt/ros/humble/share/ament_cmake/cmake)
-- Found rclcpp: 16.0.9 (/opt/ros/humble/share/rclcpp/cmake)
-- Found rosidl_generator_c: 3.1.5 (/opt/ros/humble/share/rosidl_generator_c/cmake)
-- Found rosidl_adapter: 3.1.5 (/opt/ros/humble/share/rosidl_adapter/cmake)
-- Found rosidl_generator_cpp: 3.1.5 (/opt/ros/humble/share/rosidl_generator_cpp/cmake)
-- Using all available rosidl_typesupport_c: rosidl_typesupport_fastrtps_c;rosidl_typesupport_introspection_c
-- Using all available rosidl_typesupport_cpp: rosidl_typesupport_fastrtps_cpp;rosidl_typesupport_introspection_cpp
-- Found rmw_implementation_cmake: 6.1.2 (/opt/ros/humble/share/rmw_implementation_cmake/cmake)
-- Found rmw_fastrtps_cpp: 6.2.6 (/opt/ros/humble/share/rmw_fastrtps_cpp/cmake)
-- Using RMW implementation 'rmw_fastrtps_cpp' as default
-- Found sensor_msgs: 4.2.4 (/opt/ros/humble/share/sensor_msgs/cmake)
-- Found cv_bridge: 3.2.1 (/opt/ros/humble/share/cv_bridge/cmake)
WARNING: Package name "Lab1" does not follow the naming conventions. It should start with a lower case letter and only contain lower case letters, digits, underscores, and dashes.
-- Configuring done
-- Generating done
-- Build files have been written to: /home/student/ros2_ws/src/robo1/Lab1/build/Lab1
[35m[1mConsolidate compiler generated dependencies of target image_processor[0m
[ 50%] [32mBuilding CXX object CMakeFiles/image_processor.dir/src/lab.cpp.o[0m
[100%] [32m[1mLinking CXX executable image_processor[0m
[100%] Built target image_processor
-- Install configuration: ""
-- Installing: /home/student/ros2_ws/src/robo1/Lab1/install/Lab1/lib/Lab1/image_processor
-- Set runtime path of "/home/student/ros2_ws/src/robo1/Lab1/install/Lab1/lib/Lab1/image_processor" to ""
-- Installing: /home/student/ros2_ws/src/robo1/Lab1/install/Lab1/share/ament_index/resource_index/package_run_dependencies/Lab1
-- Installing: /home/student/ros2_ws/src/robo1/Lab1/install/Lab1/share/ament_index/resource_index/parent_prefix_path/Lab1
-- Installing: /home/student/ros2_ws/src/robo1/Lab1/install/Lab1/share/Lab1/environment/ament_prefix_path.sh
-- Installing: /home/student/ros2_ws/src/robo1/Lab1/install/Lab1/share/Lab1/environment/ament_prefix_path.dsv
-- Installing: /home/student/ros2_ws/src/robo1/Lab1/install/Lab1/share/Lab1/environment/path.sh
-- Installing: /home/student/ros2_ws/src/robo1/Lab1/install/Lab1/share/Lab1/environment/path.dsv
-- Installing: /home/student/ros2_ws/src/robo1/Lab1/install/Lab1/share/Lab1/local_setup.bash
-- Installing: /home/student/ros2_ws/src/robo1/Lab1/install/Lab1/share/Lab1/local_setup.sh
-- Installing: /home/student/ros2_ws/src/robo1/Lab1/install/Lab1/share/Lab1/local_setup.zsh
-- Installing: /home/student/ros2_ws/src/robo1/Lab1/install/Lab1/share/Lab1/local_setup.dsv
-- Installing: /home/student/ros2_ws/src/robo1/Lab1/install/Lab1/share/Lab1/package.dsv
-- Installing: /home/student/ros2_ws/src/robo1/Lab1/install/Lab1/share/ament_index/resource_index/packages/Lab1
-- Installing: /home/student/ros2_ws/src/robo1/Lab1/install/Lab1/share/Lab1/cmake/Lab1Config.cmake
-- Installing: /home/student/ros2_ws/src/robo1/Lab1/install/Lab1/share/Lab1/cmake/Lab1Config-version.cmake
-- Installing: /home/student/ros2_ws/src/robo1/Lab1/install/Lab1/share/Lab1/package.xml
