[0.024s] Invoking command in '/home/student/ros2_ws/src/robo1/Lab1/build/Lab1': CMAKE_PREFIX_PATH=${CMAKE_PREFIX_PATH}:/home/student/ros2_ws/install/turtlebot3_teleop:/home/student/ros2_ws/install/turtlebot3_example:/opt/ros/humble /usr/bin/cmake --build /home/student/ros2_ws/src/robo1/Lab1/build/Lab1 -- -j8 -l8
[0.064s] -- Found ament_cmake: 1.3.9 (/opt/ros/humble/share/ament_cmake/cmake)
[0.272s] -- Found rclcpp: 16.0.9 (/opt/ros/humble/share/rclcpp/cmake)
[0.319s] -- Found rosidl_generator_c: 3.1.5 (/opt/ros/humble/share/rosidl_generator_c/cmake)
[0.323s] -- Found rosidl_adapter: 3.1.5 (/opt/ros/humble/share/rosidl_adapter/cmake)
[0.332s] -- Found rosidl_generator_cpp: 3.1.5 (/opt/ros/humble/share/rosidl_generator_cpp/cmake)
[0.348s] -- Using all available rosidl_typesupport_c: rosidl_typesupport_fastrtps_c;rosidl_typesupport_introspection_c
[0.368s] -- Using all available rosidl_typesupport_cpp: rosidl_typesupport_fastrtps_cpp;rosidl_typesupport_introspection_cpp
[0.448s] -- Found rmw_implementation_cmake: 6.1.2 (/opt/ros/humble/share/rmw_implementation_cmake/cmake)
[0.451s] -- Found rmw_fastrtps_cpp: 6.2.6 (/opt/ros/humble/share/rmw_fastrtps_cpp/cmake)
[0.622s] -- Using RMW implementation 'rmw_fastrtps_cpp' as default
[0.832s] -- Found sensor_msgs: 4.2.4 (/opt/ros/humble/share/sensor_msgs/cmake)
[0.996s] -- Found cv_bridge: 3.2.1 (/opt/ros/humble/share/cv_bridge/cmake)
[1.100s] WARNING: Package name "Lab1" does not follow the naming conventions. It should start with a lower case letter and only contain lower case letters, digits, underscores, and dashes.
[1.119s] -- Configuring done
[1.139s] -- Generating done
[1.142s] -- Build files have been written to: /home/student/ros2_ws/src/robo1/Lab1/build/Lab1
[1.190s] [35m[1mConsolidate compiler generated dependencies of target image_processor[0m
[1.225s] [ 50%] [32mBuilding CXX object CMakeFiles/image_processor.dir/src/lab.cpp.o[0m
[14.612s] [100%] [32m[1mLinking CXX executable image_processor[0m
[16.175s] [100%] Built target image_processor
[16.192s] Invoked command in '/home/student/ros2_ws/src/robo1/Lab1/build/Lab1' returned '0': CMAKE_PREFIX_PATH=${CMAKE_PREFIX_PATH}:/home/student/ros2_ws/install/turtlebot3_teleop:/home/student/ros2_ws/install/turtlebot3_example:/opt/ros/humble /usr/bin/cmake --build /home/student/ros2_ws/src/robo1/Lab1/build/Lab1 -- -j8 -l8
[16.255s] Invoking command in '/home/student/ros2_ws/src/robo1/Lab1/build/Lab1': CMAKE_PREFIX_PATH=${CMAKE_PREFIX_PATH}:/home/student/ros2_ws/install/turtlebot3_teleop:/home/student/ros2_ws/install/turtlebot3_example:/opt/ros/humble /usr/bin/cmake --install /home/student/ros2_ws/src/robo1/Lab1/build/Lab1
[16.266s] -- Install configuration: ""
[16.266s] -- Installing: /home/student/ros2_ws/src/robo1/Lab1/install/Lab1/lib/Lab1/image_processor
[16.276s] -- Set runtime path of "/home/student/ros2_ws/src/robo1/Lab1/install/Lab1/lib/Lab1/image_processor" to ""
[16.277s] -- Installing: /home/student/ros2_ws/src/robo1/Lab1/install/Lab1/share/ament_index/resource_index/package_run_dependencies/Lab1
[16.277s] -- Installing: /home/student/ros2_ws/src/robo1/Lab1/install/Lab1/share/ament_index/resource_index/parent_prefix_path/Lab1
[16.277s] -- Installing: /home/student/ros2_ws/src/robo1/Lab1/install/Lab1/share/Lab1/environment/ament_prefix_path.sh
[16.278s] -- Installing: /home/student/ros2_ws/src/robo1/Lab1/install/Lab1/share/Lab1/environment/ament_prefix_path.dsv
[16.278s] -- Installing: /home/student/ros2_ws/src/robo1/Lab1/install/Lab1/share/Lab1/environment/path.sh
[16.278s] -- Installing: /home/student/ros2_ws/src/robo1/Lab1/install/Lab1/share/Lab1/environment/path.dsv
[16.279s] -- Installing: /home/student/ros2_ws/src/robo1/Lab1/install/Lab1/share/Lab1/local_setup.bash
[16.279s] -- Installing: /home/student/ros2_ws/src/robo1/Lab1/install/Lab1/share/Lab1/local_setup.sh
[16.279s] -- Installing: /home/student/ros2_ws/src/robo1/Lab1/install/Lab1/share/Lab1/local_setup.zsh
[16.280s] -- Installing: /home/student/ros2_ws/src/robo1/Lab1/install/Lab1/share/Lab1/local_setup.dsv
[16.280s] -- Installing: /home/student/ros2_ws/src/robo1/Lab1/install/Lab1/share/Lab1/package.dsv
[16.280s] -- Installing: /home/student/ros2_ws/src/robo1/Lab1/install/Lab1/share/ament_index/resource_index/packages/Lab1
[16.280s] -- Installing: /home/student/ros2_ws/src/robo1/Lab1/install/Lab1/share/Lab1/cmake/Lab1Config.cmake
[16.280s] -- Installing: /home/student/ros2_ws/src/robo1/Lab1/install/Lab1/share/Lab1/cmake/Lab1Config-version.cmake
[16.280s] -- Installing: /home/student/ros2_ws/src/robo1/Lab1/install/Lab1/share/Lab1/package.xml
[16.285s] Invoked command in '/home/student/ros2_ws/src/robo1/Lab1/build/Lab1' returned '0': CMAKE_PREFIX_PATH=${CMAKE_PREFIX_PATH}:/home/student/ros2_ws/install/turtlebot3_teleop:/home/student/ros2_ws/install/turtlebot3_example:/opt/ros/humble /usr/bin/cmake --install /home/student/ros2_ws/src/robo1/Lab1/build/Lab1
